Build started 4/21/2015 11:45:46 PM.
     1>Project "E:\Courses\OOD\Project3\Final\Sockets\Client\Client.vcxproj" on node 5 (Rebuild target(s)).
     1>ClCompile:
         C:\Program Files (x86)\Microsoft Visual Studio 12.0\VC\bin\CL.exe /c /ZI /nologo /W3 /WX- /sdl /Od /Oy- /D WIN32 /D _DEBUG /D _CONSOLE /D _LIB /D _UNICODE /D UNICODE /D TEST_CLIENT /Gm /EHsc /RTC1 /MDd /GS /fp:precise /Zc:wchar_t /Zc:forScope /Fo"Debug\\" /Fd"Debug\vc120.pdb" /Gd /TP /analyze- /errorReport:prompt ..\ApplicationHelpers\AppHelpers.cpp ..\Handlers\Communication.cpp ..\Handlers\FileSystem.cpp ..\Handlers\Handler.cpp ..\Sockets\Sockets.cpp ClientTest.cpp
         ClientTest.cpp
         Sockets.cpp
         Handler.cpp
         FileSystem.cpp
         Communication.cpp
         AppHelpers.cpp
         Generating Code...
       Link:
         C:\Program Files (x86)\Microsoft Visual Studio 12.0\VC\bin\link.exe /ERRORREPORT:PROMPT /OUT:"E:\Courses\OOD\Project3\Final\Sockets\Debug\Client.exe" /INCREMENTAL /NOLOGO kernel32.lib user32.lib gdi32.lib winspool.lib comdlg32.lib advapi32.lib shell32.lib ole32.lib oleaut32.lib uuid.lib odbc32.lib odbccp32.lib /MANIFEST /MANIFESTUAC:"level='asInvoker' uiAccess='false'" /manifest:embed /DEBUG /PDB:"E:\Courses\OOD\Project3\Final\Sockets\Debug\Client.pdb" /SUBSYSTEM:CONSOLE /TLBID:1 /DYNAMICBASE /NXCOMPAT /IMPLIB:"E:\Courses\OOD\Project3\Final\Sockets\Debug\Client.lib" /MACHINE:X86 Debug\AppHelpers.obj
         Debug\Communication.obj
         Debug\FileSystem.obj
         Debug\Handler.obj
         Debug\Sockets.obj
         Debug\ClientTest.obj
         Client.vcxproj -> E:\Courses\OOD\Project3\Final\Sockets\Debug\Client.exe
     1>Done Building Project "E:\Courses\OOD\Project3\Final\Sockets\Client\Client.vcxproj" (Rebuild target(s)).

Build succeeded.

Time Elapsed 00:00:13.63
